<?xml version="1.0" encoding="UTF-8"?>
<testng-results skipped="0" failed="0" ignored="0" total="1" passed="1">
  <reporter-output>
  </reporter-output>
  <suite name="Default suite" duration-ms="441" started-at="2022-07-29T07:55:39 IST" finished-at="2022-07-29T07:55:40 IST">
    <groups>
    </groups>
    <test name="Default test" duration-ms="441" started-at="2022-07-29T07:55:39 IST" finished-at="2022-07-29T07:55:40 IST">
      <class name="SerializationDeserialization.DeserializationStateDetails">
        <test-method status="PASS" signature="deserializationStateDetailsTest()[pri:0, instance:SerializationDeserialization.DeserializationStateDetails@d44fc21]" name="deserializationStateDetailsTest" duration-ms="356" started-at="2022-07-29T07:55:39 IST" finished-at="2022-07-29T07:55:40 IST">
          <reporter-output>
          </reporter-output>
        </test-method> <!-- deserializationStateDetailsTest -->
      </class> <!-- SerializationDeserialization.DeserializationStateDetails -->
    </test> <!-- Default test -->
  </suite> <!-- Default suite -->
</testng-results>
